[2026-01-14 06:19:48] local.ERROR: Target class [Database\Seeders\ProductSeeder] does not exist. {"exception":"[object] (Illuminate\\Contracts\\Container\\BindingResolutionException(code: 0): Target class [Database\\Seeders\\ProductSeeder] does not exist. at /home/nova/Programming/laravel/InventoryStocksLaravelKafka/vendor/laravel/framework/src/Illuminate/Container/Container.php:1124)
[stacktrace]
#0 /home/nova/Programming/laravel/InventoryStocksLaravelKafka/vendor/laravel/framework/src/Illuminate/Container/Container.php(933): Illuminate\\Container\\Container->build('Database\\\\Seeder...')
#1 /home/nova/Programming/laravel/InventoryStocksLaravelKafka/vendor/laravel/framework/src/Illuminate/Foundation/Application.php(1078): Illuminate\\Container\\Container->resolve('Database\\\\Seeder...', Array, true)
#2 /home/nova/Programming/laravel/InventoryStocksLaravelKafka/vendor/laravel/framework/src/Illuminate/Container/Container.php(864): Illuminate\\Foundation\\Application->resolve('Database\\\\Seeder...', Array)
#3 /home/nova/Programming/laravel/InventoryStocksLaravelKafka/vendor/laravel/framework/src/Illuminate/Foundation/Application.php(1058): Illuminate\\Container\\Container->make('Database\\\\Seeder...', Array)
#4 /home/nova/Programming/laravel/InventoryStocksLaravelKafka/vendor/laravel/framework/src/Illuminate/Database/Console/Seeds/SeedCommand.php(99): Illuminate\\Foundation\\Application->make('Database\\\\Seeder...')
#5 /home/nova/Programming/laravel/InventoryStocksLaravelKafka/vendor/laravel/framework/src/Illuminate/Database/Console/Seeds/SeedCommand.php(71): Illuminate\\Database\\Console\\Seeds\\SeedCommand->getSeeder()
#6 /home/nova/Programming/laravel/InventoryStocksLaravelKafka/vendor/laravel/framework/src/Illuminate/Database/Eloquent/Concerns/GuardsAttributes.php(157): Illuminate\\Database\\Console\\Seeds\\SeedCommand->{closure:Illuminate\\Database\\Console\\Seeds\\SeedCommand::handle():70}()
#7 /home/nova/Programming/laravel/InventoryStocksLaravelKafka/vendor/laravel/framework/src/Illuminate/Database/Console/Seeds/SeedCommand.php(70): Illuminate\\Database\\Eloquent\\Model::unguarded(Object(Closure))
#8 /home/nova/Programming/laravel/InventoryStocksLaravelKafka/vendor/laravel/framework/src/Illuminate/Container/BoundMethod.php(36): Illuminate\\Database\\Console\\Seeds\\SeedCommand->handle()
#9 /home/nova/Programming/laravel/InventoryStocksLaravelKafka/vendor/laravel/framework/src/Illuminate/Container/Util.php(43): Illuminate\\Container\\BoundMethod::{closure:Illuminate\\Container\\BoundMethod::call():35}()
#10 /home/nova/Programming/laravel/InventoryStocksLaravelKafka/vendor/laravel/framework/src/Illuminate/Container/BoundMethod.php(96): Illuminate\\Container\\Util::unwrapIfClosure(Object(Closure))
#11 /home/nova/Programming/laravel/InventoryStocksLaravelKafka/vendor/laravel/framework/src/Illuminate/Container/BoundMethod.php(35): Illuminate\\Container\\BoundMethod::callBoundMethod(Object(Illuminate\\Foundation\\Application), Array, Object(Closure))
#12 /home/nova/Programming/laravel/InventoryStocksLaravelKafka/vendor/laravel/framework/src/Illuminate/Container/Container.php(799): Illuminate\\Container\\BoundMethod::call(Object(Illuminate\\Foundation\\Application), Array, Array, NULL)
#13 /home/nova/Programming/laravel/InventoryStocksLaravelKafka/vendor/laravel/framework/src/Illuminate/Console/Command.php(211): Illuminate\\Container\\Container->call(Array)
#14 /home/nova/Programming/laravel/InventoryStocksLaravelKafka/vendor/symfony/console/Command/Command.php(341): Illuminate\\Console\\Command->execute(Object(Symfony\\Component\\Console\\Input\\ArgvInput), Object(Illuminate\\Console\\OutputStyle))
#15 /home/nova/Programming/laravel/InventoryStocksLaravelKafka/vendor/laravel/framework/src/Illuminate/Console/Command.php(180): Symfony\\Component\\Console\\Command\\Command->run(Object(Symfony\\Component\\Console\\Input\\ArgvInput), Object(Illuminate\\Console\\OutputStyle))
#16 /home/nova/Programming/laravel/InventoryStocksLaravelKafka/vendor/symfony/console/Application.php(1102): Illuminate\\Console\\Command->run(Object(Symfony\\Component\\Console\\Input\\ArgvInput), Object(Symfony\\Component\\Console\\Output\\ConsoleOutput))
#17 /home/nova/Programming/laravel/InventoryStocksLaravelKafka/vendor/symfony/console/Application.php(356): Symfony\\Component\\Console\\Application->doRunCommand(Object(Illuminate\\Database\\Console\\Seeds\\SeedCommand), Object(Symfony\\Component\\Console\\Input\\ArgvInput), Object(Symfony\\Component\\Console\\Output\\ConsoleOutput))
#18 /home/nova/Programming/laravel/InventoryStocksLaravelKafka/vendor/symfony/console/Application.php(195): Symfony\\Component\\Console\\Application->doRun(Object(Symfony\\Component\\Console\\Input\\ArgvInput), Object(Symfony\\Component\\Console\\Output\\ConsoleOutput))
#19 /home/nova/Programming/laravel/InventoryStocksLaravelKafka/vendor/laravel/framework/src/Illuminate/Foundation/Console/Kernel.php(198): Symfony\\Component\\Console\\Application->run(Object(Symfony\\Component\\Console\\Input\\ArgvInput), Object(Symfony\\Component\\Console\\Output\\ConsoleOutput))
#20 /home/nova/Programming/laravel/InventoryStocksLaravelKafka/vendor/laravel/framework/src/Illuminate/Foundation/Application.php(1235): Illuminate\\Foundation\\Console\\Kernel->handle(Object(Symfony\\Component\\Console\\Input\\ArgvInput), Object(Symfony\\Component\\Console\\Output\\ConsoleOutput))
#21 /home/nova/Programming/laravel/InventoryStocksLaravelKafka/artisan(16): Illuminate\\Foundation\\Application->handleCommand(Object(Symfony\\Component\\Console\\Input\\ArgvInput))
#22 {main}

[previous exception] [object] (ReflectionException(code: -1): Class \"Database\\Seeders\\ProductSeeder\" does not exist at /home/nova/Programming/laravel/InventoryStocksLaravelKafka/vendor/laravel/framework/src/Illuminate/Container/Container.php:1122)
[stacktrace]
#0 /home/nova/Programming/laravel/InventoryStocksLaravelKafka/vendor/laravel/framework/src/Illuminate/Container/Container.php(1122): ReflectionClass->__construct('Database\\\\Seeder...')
#1 /home/nova/Programming/laravel/InventoryStocksLaravelKafka/vendor/laravel/framework/src/Illuminate/Container/Container.php(933): Illuminate\\Container\\Container->build('Database\\\\Seeder...')
#2 /home/nova/Programming/laravel/InventoryStocksLaravelKafka/vendor/laravel/framework/src/Illuminate/Foundation/Application.php(1078): Illuminate\\Container\\Container->resolve('Database\\\\Seeder...', Array, true)
#3 /home/nova/Programming/laravel/InventoryStocksLaravelKafka/vendor/laravel/framework/src/Illuminate/Container/Container.php(864): Illuminate\\Foundation\\Application->resolve('Database\\\\Seeder...', Array)
#4 /home/nova/Programming/laravel/InventoryStocksLaravelKafka/vendor/laravel/framework/src/Illuminate/Foundation/Application.php(1058): Illuminate\\Container\\Container->make('Database\\\\Seeder...', Array)
#5 /home/nova/Programming/laravel/InventoryStocksLaravelKafka/vendor/laravel/framework/src/Illuminate/Database/Console/Seeds/SeedCommand.php(99): Illuminate\\Foundation\\Application->make('Database\\\\Seeder...')
#6 /home/nova/Programming/laravel/InventoryStocksLaravelKafka/vendor/laravel/framework/src/Illuminate/Database/Console/Seeds/SeedCommand.php(71): Illuminate\\Database\\Console\\Seeds\\SeedCommand->getSeeder()
#7 /home/nova/Programming/laravel/InventoryStocksLaravelKafka/vendor/laravel/framework/src/Illuminate/Database/Eloquent/Concerns/GuardsAttributes.php(157): Illuminate\\Database\\Console\\Seeds\\SeedCommand->{closure:Illuminate\\Database\\Console\\Seeds\\SeedCommand::handle():70}()
#8 /home/nova/Programming/laravel/InventoryStocksLaravelKafka/vendor/laravel/framework/src/Illuminate/Database/Console/Seeds/SeedCommand.php(70): Illuminate\\Database\\Eloquent\\Model::unguarded(Object(Closure))
#9 /home/nova/Programming/laravel/InventoryStocksLaravelKafka/vendor/laravel/framework/src/Illuminate/Container/BoundMethod.php(36): Illuminate\\Database\\Console\\Seeds\\SeedCommand->handle()
#10 /home/nova/Programming/laravel/InventoryStocksLaravelKafka/vendor/laravel/framework/src/Illuminate/Container/Util.php(43): Illuminate\\Container\\BoundMethod::{closure:Illuminate\\Container\\BoundMethod::call():35}()
#11 /home/nova/Programming/laravel/InventoryStocksLaravelKafka/vendor/laravel/framework/src/Illuminate/Container/BoundMethod.php(96): Illuminate\\Container\\Util::unwrapIfClosure(Object(Closure))
#12 /home/nova/Programming/laravel/InventoryStocksLaravelKafka/vendor/laravel/framework/src/Illuminate/Container/BoundMethod.php(35): Illuminate\\Container\\BoundMethod::callBoundMethod(Object(Illuminate\\Foundation\\Application), Array, Object(Closure))
#13 /home/nova/Programming/laravel/InventoryStocksLaravelKafka/vendor/laravel/framework/src/Illuminate/Container/Container.php(799): Illuminate\\Container\\BoundMethod::call(Object(Illuminate\\Foundation\\Application), Array, Array, NULL)
#14 /home/nova/Programming/laravel/InventoryStocksLaravelKafka/vendor/laravel/framework/src/Illuminate/Console/Command.php(211): Illuminate\\Container\\Container->call(Array)
#15 /home/nova/Programming/laravel/InventoryStocksLaravelKafka/vendor/symfony/console/Command/Command.php(341): Illuminate\\Console\\Command->execute(Object(Symfony\\Component\\Console\\Input\\ArgvInput), Object(Illuminate\\Console\\OutputStyle))
#16 /home/nova/Programming/laravel/InventoryStocksLaravelKafka/vendor/laravel/framework/src/Illuminate/Console/Command.php(180): Symfony\\Component\\Console\\Command\\Command->run(Object(Symfony\\Component\\Console\\Input\\ArgvInput), Object(Illuminate\\Console\\OutputStyle))
#17 /home/nova/Programming/laravel/InventoryStocksLaravelKafka/vendor/symfony/console/Application.php(1102): Illuminate\\Console\\Command->run(Object(Symfony\\Component\\Console\\Input\\ArgvInput), Object(Symfony\\Component\\Console\\Output\\ConsoleOutput))
#18 /home/nova/Programming/laravel/InventoryStocksLaravelKafka/vendor/symfony/console/Application.php(356): Symfony\\Component\\Console\\Application->doRunCommand(Object(Illuminate\\Database\\Console\\Seeds\\SeedCommand), Object(Symfony\\Component\\Console\\Input\\ArgvInput), Object(Symfony\\Component\\Console\\Output\\ConsoleOutput))
#19 /home/nova/Programming/laravel/InventoryStocksLaravelKafka/vendor/symfony/console/Application.php(195): Symfony\\Component\\Console\\Application->doRun(Object(Symfony\\Component\\Console\\Input\\ArgvInput), Object(Symfony\\Component\\Console\\Output\\ConsoleOutput))
#20 /home/nova/Programming/laravel/InventoryStocksLaravelKafka/vendor/laravel/framework/src/Illuminate/Foundation/Console/Kernel.php(198): Symfony\\Component\\Console\\Application->run(Object(Symfony\\Component\\Console\\Input\\ArgvInput), Object(Symfony\\Component\\Console\\Output\\ConsoleOutput))
#21 /home/nova/Programming/laravel/InventoryStocksLaravelKafka/vendor/laravel/framework/src/Illuminate/Foundation/Application.php(1235): Illuminate\\Foundation\\Console\\Kernel->handle(Object(Symfony\\Component\\Console\\Input\\ArgvInput), Object(Symfony\\Component\\Console\\Output\\ConsoleOutput))
#22 /home/nova/Programming/laravel/InventoryStocksLaravelKafka/artisan(16): Illuminate\\Foundation\\Application->handleCommand(Object(Symfony\\Component\\Console\\Input\\ArgvInput))
#23 {main}
"} 
[2026-01-14 06:24:03] local.ERROR: Command "make:service" is not defined.

Did you mean one of these?
    make:cache-table
    make:cast
    make:channel
    make:class
    make:command
    make:component
    make:config
    make:controller
    make:enum
    make:event
    make:exception
    make:factory
    make:interface
    make:job
    make:job-middleware
    make:listener
    make:mail
    make:middleware
    make:migration
    make:model
    make:notification
    make:notifications-table
    make:observer
    make:policy
    make:provider
    make:queue-batches-table
    make:queue-failed-table
    make:queue-table
    make:request
    make:resource
    make:rule
    make:scope
    make:seeder
    make:session-table
    make:test
    make:trait
    make:view {"exception":"[object] (Symfony\\Component\\Console\\Exception\\CommandNotFoundException(code: 0): Command \"make:service\" is not defined.

Did you mean one of these?
    make:cache-table
    make:cast
    make:channel
    make:class
    make:command
    make:component
    make:config
    make:controller
    make:enum
    make:event
    make:exception
    make:factory
    make:interface
    make:job
    make:job-middleware
    make:listener
    make:mail
    make:middleware
    make:migration
    make:model
    make:notification
    make:notifications-table
    make:observer
    make:policy
    make:provider
    make:queue-batches-table
    make:queue-failed-table
    make:queue-table
    make:request
    make:resource
    make:rule
    make:scope
    make:seeder
    make:session-table
    make:test
    make:trait
    make:view at /home/nova/Programming/laravel/InventoryStocksLaravelKafka/vendor/symfony/console/Application.php:759)
[stacktrace]
#0 /home/nova/Programming/laravel/InventoryStocksLaravelKafka/vendor/symfony/console/Application.php(298): Symfony\\Component\\Console\\Application->find('make:service')
#1 /home/nova/Programming/laravel/InventoryStocksLaravelKafka/vendor/symfony/console/Application.php(195): Symfony\\Component\\Console\\Application->doRun(Object(Symfony\\Component\\Console\\Input\\ArgvInput), Object(Symfony\\Component\\Console\\Output\\ConsoleOutput))
#2 /home/nova/Programming/laravel/InventoryStocksLaravelKafka/vendor/laravel/framework/src/Illuminate/Foundation/Console/Kernel.php(198): Symfony\\Component\\Console\\Application->run(Object(Symfony\\Component\\Console\\Input\\ArgvInput), Object(Symfony\\Component\\Console\\Output\\ConsoleOutput))
#3 /home/nova/Programming/laravel/InventoryStocksLaravelKafka/vendor/laravel/framework/src/Illuminate/Foundation/Application.php(1235): Illuminate\\Foundation\\Console\\Kernel->handle(Object(Symfony\\Component\\Console\\Input\\ArgvInput), Object(Symfony\\Component\\Console\\Output\\ConsoleOutput))
#4 /home/nova/Programming/laravel/InventoryStocksLaravelKafka/artisan(16): Illuminate\\Foundation\\Application->handleCommand(Object(Symfony\\Component\\Console\\Input\\ArgvInput))
#5 {main}
"} 
[2026-01-14 06:30:08] local.ERROR: Call to undefined method App\Http\Controllers\InventoryController::index() {"exception":"[object] (Error(code: 0): Call to undefined method App\\Http\\Controllers\\InventoryController::index() at /home/nova/Programming/laravel/InventoryStocksLaravelKafka/vendor/laravel/framework/src/Illuminate/Routing/ControllerDispatcher.php:46)
[stacktrace]
#0 /home/nova/Programming/laravel/InventoryStocksLaravelKafka/vendor/laravel/framework/src/Illuminate/Routing/Route.php(265): Illuminate\\Routing\\ControllerDispatcher->dispatch(Object(Illuminate\\Routing\\Route), Object(App\\Http\\Controllers\\InventoryController), 'index')
#1 /home/nova/Programming/laravel/InventoryStocksLaravelKafka/vendor/laravel/framework/src/Illuminate/Routing/Route.php(211): Illuminate\\Routing\\Route->runController()
#2 /home/nova/Programming/laravel/InventoryStocksLaravelKafka/vendor/laravel/framework/src/Illuminate/Routing/Router.php(822): Illuminate\\Routing\\Route->run()
#3 /home/nova/Programming/laravel/InventoryStocksLaravelKafka/vendor/laravel/framework/src/Illuminate/Pipeline/Pipeline.php(180): Illuminate\\Routing\\Router->{closure:Illuminate\\Routing\\Router::runRouteWithinStack():821}(Object(Illuminate\\Http\\Request))
#4 /home/nova/Programming/laravel/InventoryStocksLaravelKafka/vendor/laravel/framework/src/Illuminate/Routing/Middleware/SubstituteBindings.php(50): Illuminate\\Pipeline\\Pipeline->{closure:Illuminate\\Pipeline\\Pipeline::prepareDestination():178}(Object(Illuminate\\Http\\Request))
#5 /home/nova/Programming/laravel/InventoryStocksLaravelKafka/vendor/laravel/framework/src/Illuminate/Pipeline/Pipeline.php(219): Illuminate\\Routing\\Middleware\\SubstituteBindings->handle(Object(Illuminate\\Http\\Request), Object(Closure))
#6 /home/nova/Programming/laravel/InventoryStocksLaravelKafka/vendor/laravel/framework/src/Illuminate/Foundation/Http/Middleware/VerifyCsrfToken.php(87): Illuminate\\Pipeline\\Pipeline->{closure:{closure:Illuminate\\Pipeline\\Pipeline::carry():194}:195}(Object(Illuminate\\Http\\Request))
#7 /home/nova/Programming/laravel/InventoryStocksLaravelKafka/vendor/laravel/framework/src/Illuminate/Pipeline/Pipeline.php(219): Illuminate\\Foundation\\Http\\Middleware\\VerifyCsrfToken->handle(Object(Illuminate\\Http\\Request), Object(Closure))
#8 /home/nova/Programming/laravel/InventoryStocksLaravelKafka/vendor/laravel/framework/src/Illuminate/View/Middleware/ShareErrorsFromSession.php(48): Illuminate\\Pipeline\\Pipeline->{closure:{closure:Illuminate\\Pipeline\\Pipeline::carry():194}:195}(Object(Illuminate\\Http\\Request))
#9 /home/nova/Programming/laravel/InventoryStocksLaravelKafka/vendor/laravel/framework/src/Illuminate/Pipeline/Pipeline.php(219): Illuminate\\View\\Middleware\\ShareErrorsFromSession->handle(Object(Illuminate\\Http\\Request), Object(Closure))
#10 /home/nova/Programming/laravel/InventoryStocksLaravelKafka/vendor/laravel/framework/src/Illuminate/Session/Middleware/StartSession.php(120): Illuminate\\Pipeline\\Pipeline->{closure:{closure:Illuminate\\Pipeline\\Pipeline::carry():194}:195}(Object(Illuminate\\Http\\Request))
#11 /home/nova/Programming/laravel/InventoryStocksLaravelKafka/vendor/laravel/framework/src/Illuminate/Session/Middleware/StartSession.php(63): Illuminate\\Session\\Middleware\\StartSession->handleStatefulRequest(Object(Illuminate\\Http\\Request), Object(Illuminate\\Session\\Store), Object(Closure))
#12 /home/nova/Programming/laravel/InventoryStocksLaravelKafka/vendor/laravel/framework/src/Illuminate/Pipeline/Pipeline.php(219): Illuminate\\Session\\Middleware\\StartSession->handle(Object(Illuminate\\Http\\Request), Object(Closure))
#13 /home/nova/Programming/laravel/InventoryStocksLaravelKafka/vendor/laravel/framework/src/Illuminate/Cookie/Middleware/AddQueuedCookiesToResponse.php(36): Illuminate\\Pipeline\\Pipeline->{closure:{closure:Illuminate\\Pipeline\\Pipeline::carry():194}:195}(Object(Illuminate\\Http\\Request))
#14 /home/nova/Programming/laravel/InventoryStocksLaravelKafka/vendor/laravel/framework/src/Illuminate/Pipeline/Pipeline.php(219): Illuminate\\Cookie\\Middleware\\AddQueuedCookiesToResponse->handle(Object(Illuminate\\Http\\Request), Object(Closure))
#15 /home/nova/Programming/laravel/InventoryStocksLaravelKafka/vendor/laravel/framework/src/Illuminate/Cookie/Middleware/EncryptCookies.php(74): Illuminate\\Pipeline\\Pipeline->{closure:{closure:Illuminate\\Pipeline\\Pipeline::carry():194}:195}(Object(Illuminate\\Http\\Request))
#16 /home/nova/Programming/laravel/InventoryStocksLaravelKafka/vendor/laravel/framework/src/Illuminate/Pipeline/Pipeline.php(219): Illuminate\\Cookie\\Middleware\\EncryptCookies->handle(Object(Illuminate\\Http\\Request), Object(Closure))
#17 /home/nova/Programming/laravel/InventoryStocksLaravelKafka/vendor/laravel/framework/src/Illuminate/Pipeline/Pipeline.php(137): Illuminate\\Pipeline\\Pipeline->{closure:{closure:Illuminate\\Pipeline\\Pipeline::carry():194}:195}(Object(Illuminate\\Http\\Request))
#18 /home/nova/Programming/laravel/InventoryStocksLaravelKafka/vendor/laravel/framework/src/Illuminate/Routing/Router.php(821): Illuminate\\Pipeline\\Pipeline->then(Object(Closure))
#19 /home/nova/Programming/laravel/InventoryStocksLaravelKafka/vendor/laravel/framework/src/Illuminate/Routing/Router.php(800): Illuminate\\Routing\\Router->runRouteWithinStack(Object(Illuminate\\Routing\\Route), Object(Illuminate\\Http\\Request))
#20 /home/nova/Programming/laravel/InventoryStocksLaravelKafka/vendor/laravel/framework/src/Illuminate/Routing/Router.php(764): Illuminate\\Routing\\Router->runRoute(Object(Illuminate\\Http\\Request), Object(Illuminate\\Routing\\Route))
#21 /home/nova/Programming/laravel/InventoryStocksLaravelKafka/vendor/laravel/framework/src/Illuminate/Routing/Router.php(753): Illuminate\\Routing\\Router->dispatchToRoute(Object(Illuminate\\Http\\Request))
#22 /home/nova/Programming/laravel/InventoryStocksLaravelKafka/vendor/laravel/framework/src/Illuminate/Foundation/Http/Kernel.php(200): Illuminate\\Routing\\Router->dispatch(Object(Illuminate\\Http\\Request))
#23 /home/nova/Programming/laravel/InventoryStocksLaravelKafka/vendor/laravel/framework/src/Illuminate/Pipeline/Pipeline.php(180): Illuminate\\Foundation\\Http\\Kernel->{closure:Illuminate\\Foundation\\Http\\Kernel::dispatchToRouter():197}(Object(Illuminate\\Http\\Request))
#24 /home/nova/Programming/laravel/InventoryStocksLaravelKafka/vendor/laravel/framework/src/Illuminate/Foundation/Http/Middleware/TransformsRequest.php(21): Illuminate\\Pipeline\\Pipeline->{closure:Illuminate\\Pipeline\\Pipeline::prepareDestination():178}(Object(Illuminate\\Http\\Request))
#25 /home/nova/Programming/laravel/InventoryStocksLaravelKafka/vendor/laravel/framework/src/Illuminate/Foundation/Http/Middleware/ConvertEmptyStringsToNull.php(31): Illuminate\\Foundation\\Http\\Middleware\\TransformsRequest->handle(Object(Illuminate\\Http\\Request), Object(Closure))
#26 /home/nova/Programming/laravel/InventoryStocksLaravelKafka/vendor/laravel/framework/src/Illuminate/Pipeline/Pipeline.php(219): Illuminate\\Foundation\\Http\\Middleware\\ConvertEmptyStringsToNull->handle(Object(Illuminate\\Http\\Request), Object(Closure))
#27 /home/nova/Programming/laravel/InventoryStocksLaravelKafka/vendor/laravel/framework/src/Illuminate/Foundation/Http/Middleware/TransformsRequest.php(21): Illuminate\\Pipeline\\Pipeline->{closure:{closure:Illuminate\\Pipeline\\Pipeline::carry():194}:195}(Object(Illuminate\\Http\\Request))
#28 /home/nova/Programming/laravel/InventoryStocksLaravelKafka/vendor/laravel/framework/src/Illuminate/Foundation/Http/Middleware/TrimStrings.php(51): Illuminate\\Foundation\\Http\\Middleware\\TransformsRequest->handle(Object(Illuminate\\Http\\Request), Object(Closure))
#29 /home/nova/Programming/laravel/InventoryStocksLaravelKafka/vendor/laravel/framework/src/Illuminate/Pipeline/Pipeline.php(219): Illuminate\\Foundation\\Http\\Middleware\\TrimStrings->handle(Object(Illuminate\\Http\\Request), Object(Closure))
#30 /home/nova/Programming/laravel/InventoryStocksLaravelKafka/vendor/laravel/framework/src/Illuminate/Http/Middleware/ValidatePostSize.php(27): Illuminate\\Pipeline\\Pipeline->{closure:{closure:Illuminate\\Pipeline\\Pipeline::carry():194}:195}(Object(Illuminate\\Http\\Request))
#31 /home/nova/Programming/laravel/InventoryStocksLaravelKafka/vendor/laravel/framework/src/Illuminate/Pipeline/Pipeline.php(219): Illuminate\\Http\\Middleware\\ValidatePostSize->handle(Object(Illuminate\\Http\\Request), Object(Closure))
#32 /home/nova/Programming/laravel/InventoryStocksLaravelKafka/vendor/laravel/framework/src/Illuminate/Foundation/Http/Middleware/PreventRequestsDuringMaintenance.php(109): Illuminate\\Pipeline\\Pipeline->{closure:{closure:Illuminate\\Pipeline\\Pipeline::carry():194}:195}(Object(Illuminate\\Http\\Request))
#33 /home/nova/Programming/laravel/InventoryStocksLaravelKafka/vendor/laravel/framework/src/Illuminate/Pipeline/Pipeline.php(219): Illuminate\\Foundation\\Http\\Middleware\\PreventRequestsDuringMaintenance->handle(Object(Illuminate\\Http\\Request), Object(Closure))
#34 /home/nova/Programming/laravel/InventoryStocksLaravelKafka/vendor/laravel/framework/src/Illuminate/Http/Middleware/HandleCors.php(48): Illuminate\\Pipeline\\Pipeline->{closure:{closure:Illuminate\\Pipeline\\Pipeline::carry():194}:195}(Object(Illuminate\\Http\\Request))
#35 /home/nova/Programming/laravel/InventoryStocksLaravelKafka/vendor/laravel/framework/src/Illuminate/Pipeline/Pipeline.php(219): Illuminate\\Http\\Middleware\\HandleCors->handle(Object(Illuminate\\Http\\Request), Object(Closure))
#36 /home/nova/Programming/laravel/InventoryStocksLaravelKafka/vendor/laravel/framework/src/Illuminate/Http/Middleware/TrustProxies.php(58): Illuminate\\Pipeline\\Pipeline->{closure:{closure:Illuminate\\Pipeline\\Pipeline::carry():194}:195}(Object(Illuminate\\Http\\Request))
#37 /home/nova/Programming/laravel/InventoryStocksLaravelKafka/vendor/laravel/framework/src/Illuminate/Pipeline/Pipeline.php(219): Illuminate\\Http\\Middleware\\TrustProxies->handle(Object(Illuminate\\Http\\Request), Object(Closure))
#38 /home/nova/Programming/laravel/InventoryStocksLaravelKafka/vendor/laravel/framework/src/Illuminate/Foundation/Http/Middleware/InvokeDeferredCallbacks.php(22): Illuminate\\Pipeline\\Pipeline->{closure:{closure:Illuminate\\Pipeline\\Pipeline::carry():194}:195}(Object(Illuminate\\Http\\Request))
#39 /home/nova/Programming/laravel/InventoryStocksLaravelKafka/vendor/laravel/framework/src/Illuminate/Pipeline/Pipeline.php(219): Illuminate\\Foundation\\Http\\Middleware\\InvokeDeferredCallbacks->handle(Object(Illuminate\\Http\\Request), Object(Closure))
#40 /home/nova/Programming/laravel/InventoryStocksLaravelKafka/vendor/laravel/framework/src/Illuminate/Http/Middleware/ValidatePathEncoding.php(26): Illuminate\\Pipeline\\Pipeline->{closure:{closure:Illuminate\\Pipeline\\Pipeline::carry():194}:195}(Object(Illuminate\\Http\\Request))
#41 /home/nova/Programming/laravel/InventoryStocksLaravelKafka/vendor/laravel/framework/src/Illuminate/Pipeline/Pipeline.php(219): Illuminate\\Http\\Middleware\\ValidatePathEncoding->handle(Object(Illuminate\\Http\\Request), Object(Closure))
#42 /home/nova/Programming/laravel/InventoryStocksLaravelKafka/vendor/laravel/framework/src/Illuminate/Pipeline/Pipeline.php(137): Illuminate\\Pipeline\\Pipeline->{closure:{closure:Illuminate\\Pipeline\\Pipeline::carry():194}:195}(Object(Illuminate\\Http\\Request))
#43 /home/nova/Programming/laravel/InventoryStocksLaravelKafka/vendor/laravel/framework/src/Illuminate/Foundation/Http/Kernel.php(175): Illuminate\\Pipeline\\Pipeline->then(Object(Closure))
#44 /home/nova/Programming/laravel/InventoryStocksLaravelKafka/vendor/laravel/framework/src/Illuminate/Foundation/Http/Kernel.php(144): Illuminate\\Foundation\\Http\\Kernel->sendRequestThroughRouter(Object(Illuminate\\Http\\Request))
#45 /home/nova/Programming/laravel/InventoryStocksLaravelKafka/vendor/laravel/framework/src/Illuminate/Foundation/Application.php(1220): Illuminate\\Foundation\\Http\\Kernel->handle(Object(Illuminate\\Http\\Request))
#46 /home/nova/Programming/laravel/InventoryStocksLaravelKafka/public/index.php(20): Illuminate\\Foundation\\Application->handleRequest(Object(Illuminate\\Http\\Request))
#47 /home/nova/Programming/laravel/InventoryStocksLaravelKafka/vendor/laravel/framework/src/Illuminate/Foundation/resources/server.php(23): require_once('/home/nova/Prog...')
#48 {main}
"} 
[2026-01-14 06:31:24] local.ERROR: Call to undefined method App\Http\Controllers\InventoryController::index() {"exception":"[object] (Error(code: 0): Call to undefined method App\\Http\\Controllers\\InventoryController::index() at /home/nova/Programming/laravel/InventoryStocksLaravelKafka/vendor/laravel/framework/src/Illuminate/Routing/ControllerDispatcher.php:46)
[stacktrace]
#0 /home/nova/Programming/laravel/InventoryStocksLaravelKafka/vendor/laravel/framework/src/Illuminate/Routing/Route.php(265): Illuminate\\Routing\\ControllerDispatcher->dispatch(Object(Illuminate\\Routing\\Route), Object(App\\Http\\Controllers\\InventoryController), 'index')
#1 /home/nova/Programming/laravel/InventoryStocksLaravelKafka/vendor/laravel/framework/src/Illuminate/Routing/Route.php(211): Illuminate\\Routing\\Route->runController()
#2 /home/nova/Programming/laravel/InventoryStocksLaravelKafka/vendor/laravel/framework/src/Illuminate/Routing/Router.php(822): Illuminate\\Routing\\Route->run()
#3 /home/nova/Programming/laravel/InventoryStocksLaravelKafka/vendor/laravel/framework/src/Illuminate/Pipeline/Pipeline.php(180): Illuminate\\Routing\\Router->{closure:Illuminate\\Routing\\Router::runRouteWithinStack():821}(Object(Illuminate\\Http\\Request))
#4 /home/nova/Programming/laravel/InventoryStocksLaravelKafka/vendor/laravel/framework/src/Illuminate/Routing/Middleware/SubstituteBindings.php(50): Illuminate\\Pipeline\\Pipeline->{closure:Illuminate\\Pipeline\\Pipeline::prepareDestination():178}(Object(Illuminate\\Http\\Request))
#5 /home/nova/Programming/laravel/InventoryStocksLaravelKafka/vendor/laravel/framework/src/Illuminate/Pipeline/Pipeline.php(219): Illuminate\\Routing\\Middleware\\SubstituteBindings->handle(Object(Illuminate\\Http\\Request), Object(Closure))
#6 /home/nova/Programming/laravel/InventoryStocksLaravelKafka/vendor/laravel/framework/src/Illuminate/Foundation/Http/Middleware/VerifyCsrfToken.php(87): Illuminate\\Pipeline\\Pipeline->{closure:{closure:Illuminate\\Pipeline\\Pipeline::carry():194}:195}(Object(Illuminate\\Http\\Request))
#7 /home/nova/Programming/laravel/InventoryStocksLaravelKafka/vendor/laravel/framework/src/Illuminate/Pipeline/Pipeline.php(219): Illuminate\\Foundation\\Http\\Middleware\\VerifyCsrfToken->handle(Object(Illuminate\\Http\\Request), Object(Closure))
#8 /home/nova/Programming/laravel/InventoryStocksLaravelKafka/vendor/laravel/framework/src/Illuminate/View/Middleware/ShareErrorsFromSession.php(48): Illuminate\\Pipeline\\Pipeline->{closure:{closure:Illuminate\\Pipeline\\Pipeline::carry():194}:195}(Object(Illuminate\\Http\\Request))
#9 /home/nova/Programming/laravel/InventoryStocksLaravelKafka/vendor/laravel/framework/src/Illuminate/Pipeline/Pipeline.php(219): Illuminate\\View\\Middleware\\ShareErrorsFromSession->handle(Object(Illuminate\\Http\\Request), Object(Closure))
#10 /home/nova/Programming/laravel/InventoryStocksLaravelKafka/vendor/laravel/framework/src/Illuminate/Session/Middleware/StartSession.php(120): Illuminate\\Pipeline\\Pipeline->{closure:{closure:Illuminate\\Pipeline\\Pipeline::carry():194}:195}(Object(Illuminate\\Http\\Request))
#11 /home/nova/Programming/laravel/InventoryStocksLaravelKafka/vendor/laravel/framework/src/Illuminate/Session/Middleware/StartSession.php(63): Illuminate\\Session\\Middleware\\StartSession->handleStatefulRequest(Object(Illuminate\\Http\\Request), Object(Illuminate\\Session\\Store), Object(Closure))
#12 /home/nova/Programming/laravel/InventoryStocksLaravelKafka/vendor/laravel/framework/src/Illuminate/Pipeline/Pipeline.php(219): Illuminate\\Session\\Middleware\\StartSession->handle(Object(Illuminate\\Http\\Request), Object(Closure))
#13 /home/nova/Programming/laravel/InventoryStocksLaravelKafka/vendor/laravel/framework/src/Illuminate/Cookie/Middleware/AddQueuedCookiesToResponse.php(36): Illuminate\\Pipeline\\Pipeline->{closure:{closure:Illuminate\\Pipeline\\Pipeline::carry():194}:195}(Object(Illuminate\\Http\\Request))
#14 /home/nova/Programming/laravel/InventoryStocksLaravelKafka/vendor/laravel/framework/src/Illuminate/Pipeline/Pipeline.php(219): Illuminate\\Cookie\\Middleware\\AddQueuedCookiesToResponse->handle(Object(Illuminate\\Http\\Request), Object(Closure))
#15 /home/nova/Programming/laravel/InventoryStocksLaravelKafka/vendor/laravel/framework/src/Illuminate/Cookie/Middleware/EncryptCookies.php(74): Illuminate\\Pipeline\\Pipeline->{closure:{closure:Illuminate\\Pipeline\\Pipeline::carry():194}:195}(Object(Illuminate\\Http\\Request))
#16 /home/nova/Programming/laravel/InventoryStocksLaravelKafka/vendor/laravel/framework/src/Illuminate/Pipeline/Pipeline.php(219): Illuminate\\Cookie\\Middleware\\EncryptCookies->handle(Object(Illuminate\\Http\\Request), Object(Closure))
#17 /home/nova/Programming/laravel/InventoryStocksLaravelKafka/vendor/laravel/framework/src/Illuminate/Pipeline/Pipeline.php(137): Illuminate\\Pipeline\\Pipeline->{closure:{closure:Illuminate\\Pipeline\\Pipeline::carry():194}:195}(Object(Illuminate\\Http\\Request))
#18 /home/nova/Programming/laravel/InventoryStocksLaravelKafka/vendor/laravel/framework/src/Illuminate/Routing/Router.php(821): Illuminate\\Pipeline\\Pipeline->then(Object(Closure))
#19 /home/nova/Programming/laravel/InventoryStocksLaravelKafka/vendor/laravel/framework/src/Illuminate/Routing/Router.php(800): Illuminate\\Routing\\Router->runRouteWithinStack(Object(Illuminate\\Routing\\Route), Object(Illuminate\\Http\\Request))
#20 /home/nova/Programming/laravel/InventoryStocksLaravelKafka/vendor/laravel/framework/src/Illuminate/Routing/Router.php(764): Illuminate\\Routing\\Router->runRoute(Object(Illuminate\\Http\\Request), Object(Illuminate\\Routing\\Route))
#21 /home/nova/Programming/laravel/InventoryStocksLaravelKafka/vendor/laravel/framework/src/Illuminate/Routing/Router.php(753): Illuminate\\Routing\\Router->dispatchToRoute(Object(Illuminate\\Http\\Request))
#22 /home/nova/Programming/laravel/InventoryStocksLaravelKafka/vendor/laravel/framework/src/Illuminate/Foundation/Http/Kernel.php(200): Illuminate\\Routing\\Router->dispatch(Object(Illuminate\\Http\\Request))
#23 /home/nova/Programming/laravel/InventoryStocksLaravelKafka/vendor/laravel/framework/src/Illuminate/Pipeline/Pipeline.php(180): Illuminate\\Foundation\\Http\\Kernel->{closure:Illuminate\\Foundation\\Http\\Kernel::dispatchToRouter():197}(Object(Illuminate\\Http\\Request))
#24 /home/nova/Programming/laravel/InventoryStocksLaravelKafka/vendor/laravel/framework/src/Illuminate/Foundation/Http/Middleware/TransformsRequest.php(21): Illuminate\\Pipeline\\Pipeline->{closure:Illuminate\\Pipeline\\Pipeline::prepareDestination():178}(Object(Illuminate\\Http\\Request))
#25 /home/nova/Programming/laravel/InventoryStocksLaravelKafka/vendor/laravel/framework/src/Illuminate/Foundation/Http/Middleware/ConvertEmptyStringsToNull.php(31): Illuminate\\Foundation\\Http\\Middleware\\TransformsRequest->handle(Object(Illuminate\\Http\\Request), Object(Closure))
#26 /home/nova/Programming/laravel/InventoryStocksLaravelKafka/vendor/laravel/framework/src/Illuminate/Pipeline/Pipeline.php(219): Illuminate\\Foundation\\Http\\Middleware\\ConvertEmptyStringsToNull->handle(Object(Illuminate\\Http\\Request), Object(Closure))
#27 /home/nova/Programming/laravel/InventoryStocksLaravelKafka/vendor/laravel/framework/src/Illuminate/Foundation/Http/Middleware/TransformsRequest.php(21): Illuminate\\Pipeline\\Pipeline->{closure:{closure:Illuminate\\Pipeline\\Pipeline::carry():194}:195}(Object(Illuminate\\Http\\Request))
#28 /home/nova/Programming/laravel/InventoryStocksLaravelKafka/vendor/laravel/framework/src/Illuminate/Foundation/Http/Middleware/TrimStrings.php(51): Illuminate\\Foundation\\Http\\Middleware\\TransformsRequest->handle(Object(Illuminate\\Http\\Request), Object(Closure))
#29 /home/nova/Programming/laravel/InventoryStocksLaravelKafka/vendor/laravel/framework/src/Illuminate/Pipeline/Pipeline.php(219): Illuminate\\Foundation\\Http\\Middleware\\TrimStrings->handle(Object(Illuminate\\Http\\Request), Object(Closure))
#30 /home/nova/Programming/laravel/InventoryStocksLaravelKafka/vendor/laravel/framework/src/Illuminate/Http/Middleware/ValidatePostSize.php(27): Illuminate\\Pipeline\\Pipeline->{closure:{closure:Illuminate\\Pipeline\\Pipeline::carry():194}:195}(Object(Illuminate\\Http\\Request))
#31 /home/nova/Programming/laravel/InventoryStocksLaravelKafka/vendor/laravel/framework/src/Illuminate/Pipeline/Pipeline.php(219): Illuminate\\Http\\Middleware\\ValidatePostSize->handle(Object(Illuminate\\Http\\Request), Object(Closure))
#32 /home/nova/Programming/laravel/InventoryStocksLaravelKafka/vendor/laravel/framework/src/Illuminate/Foundation/Http/Middleware/PreventRequestsDuringMaintenance.php(109): Illuminate\\Pipeline\\Pipeline->{closure:{closure:Illuminate\\Pipeline\\Pipeline::carry():194}:195}(Object(Illuminate\\Http\\Request))
#33 /home/nova/Programming/laravel/InventoryStocksLaravelKafka/vendor/laravel/framework/src/Illuminate/Pipeline/Pipeline.php(219): Illuminate\\Foundation\\Http\\Middleware\\PreventRequestsDuringMaintenance->handle(Object(Illuminate\\Http\\Request), Object(Closure))
#34 /home/nova/Programming/laravel/InventoryStocksLaravelKafka/vendor/laravel/framework/src/Illuminate/Http/Middleware/HandleCors.php(48): Illuminate\\Pipeline\\Pipeline->{closure:{closure:Illuminate\\Pipeline\\Pipeline::carry():194}:195}(Object(Illuminate\\Http\\Request))
#35 /home/nova/Programming/laravel/InventoryStocksLaravelKafka/vendor/laravel/framework/src/Illuminate/Pipeline/Pipeline.php(219): Illuminate\\Http\\Middleware\\HandleCors->handle(Object(Illuminate\\Http\\Request), Object(Closure))
#36 /home/nova/Programming/laravel/InventoryStocksLaravelKafka/vendor/laravel/framework/src/Illuminate/Http/Middleware/TrustProxies.php(58): Illuminate\\Pipeline\\Pipeline->{closure:{closure:Illuminate\\Pipeline\\Pipeline::carry():194}:195}(Object(Illuminate\\Http\\Request))
#37 /home/nova/Programming/laravel/InventoryStocksLaravelKafka/vendor/laravel/framework/src/Illuminate/Pipeline/Pipeline.php(219): Illuminate\\Http\\Middleware\\TrustProxies->handle(Object(Illuminate\\Http\\Request), Object(Closure))
#38 /home/nova/Programming/laravel/InventoryStocksLaravelKafka/vendor/laravel/framework/src/Illuminate/Foundation/Http/Middleware/InvokeDeferredCallbacks.php(22): Illuminate\\Pipeline\\Pipeline->{closure:{closure:Illuminate\\Pipeline\\Pipeline::carry():194}:195}(Object(Illuminate\\Http\\Request))
#39 /home/nova/Programming/laravel/InventoryStocksLaravelKafka/vendor/laravel/framework/src/Illuminate/Pipeline/Pipeline.php(219): Illuminate\\Foundation\\Http\\Middleware\\InvokeDeferredCallbacks->handle(Object(Illuminate\\Http\\Request), Object(Closure))
#40 /home/nova/Programming/laravel/InventoryStocksLaravelKafka/vendor/laravel/framework/src/Illuminate/Http/Middleware/ValidatePathEncoding.php(26): Illuminate\\Pipeline\\Pipeline->{closure:{closure:Illuminate\\Pipeline\\Pipeline::carry():194}:195}(Object(Illuminate\\Http\\Request))
#41 /home/nova/Programming/laravel/InventoryStocksLaravelKafka/vendor/laravel/framework/src/Illuminate/Pipeline/Pipeline.php(219): Illuminate\\Http\\Middleware\\ValidatePathEncoding->handle(Object(Illuminate\\Http\\Request), Object(Closure))
#42 /home/nova/Programming/laravel/InventoryStocksLaravelKafka/vendor/laravel/framework/src/Illuminate/Pipeline/Pipeline.php(137): Illuminate\\Pipeline\\Pipeline->{closure:{closure:Illuminate\\Pipeline\\Pipeline::carry():194}:195}(Object(Illuminate\\Http\\Request))
#43 /home/nova/Programming/laravel/InventoryStocksLaravelKafka/vendor/laravel/framework/src/Illuminate/Foundation/Http/Kernel.php(175): Illuminate\\Pipeline\\Pipeline->then(Object(Closure))
#44 /home/nova/Programming/laravel/InventoryStocksLaravelKafka/vendor/laravel/framework/src/Illuminate/Foundation/Http/Kernel.php(144): Illuminate\\Foundation\\Http\\Kernel->sendRequestThroughRouter(Object(Illuminate\\Http\\Request))
#45 /home/nova/Programming/laravel/InventoryStocksLaravelKafka/vendor/laravel/framework/src/Illuminate/Foundation/Application.php(1220): Illuminate\\Foundation\\Http\\Kernel->handle(Object(Illuminate\\Http\\Request))
#46 /home/nova/Programming/laravel/InventoryStocksLaravelKafka/public/index.php(20): Illuminate\\Foundation\\Application->handleRequest(Object(Illuminate\\Http\\Request))
#47 /home/nova/Programming/laravel/InventoryStocksLaravelKafka/vendor/laravel/framework/src/Illuminate/Foundation/resources/server.php(23): require_once('/home/nova/Prog...')
#48 {main}
"} 
[2026-01-14 06:31:43] local.INFO: Kafka broker available at: localhost:9092  
[2026-01-14 06:31:54] local.INFO: Kafka broker available at: localhost:9092  
[2026-01-14 06:31:57] local.INFO: Kafka broker available at: localhost:9092  
[2026-01-14 06:31:57] local.ERROR: Kafka publish failed: sh: line 1: kafka-console-producer: command not found  
[2026-01-14 06:32:02] local.INFO: Kafka broker available at: localhost:9092  
[2026-01-14 06:34:50] local.INFO: Kafka broker available at: localhost:9092  
[2026-01-14 06:34:53] local.INFO: Kafka broker available at: localhost:9092  
[2026-01-14 06:34:53] local.ERROR: Kafka publish failed: sh: line 1: kafka-console-producer: command not found  
[2026-01-14 06:34:53] local.ERROR: Kafka publish failed: sh: line 1: kafka-console-producer: command not found  
[2026-01-14 06:34:53] local.ERROR: Kafka publish failed: sh: line 1: kafka-console-producer: command not found  
[2026-01-14 06:34:53] local.ERROR: Kafka publish failed: sh: line 1: kafka-console-producer: command not found  
[2026-01-14 06:34:53] local.ERROR: Kafka publish failed: sh: line 1: kafka-console-producer: command not found  
[2026-01-14 06:34:53] local.ERROR: Kafka publish failed: sh: line 1: kafka-console-producer: command not found  
[2026-01-14 06:34:57] local.INFO: Kafka broker available at: localhost:9092  
[2026-01-14 06:34:57] local.ERROR: Kafka publish failed: sh: line 1: kafka-console-producer: command not found  
[2026-01-14 06:34:57] local.ERROR: Kafka publish failed: sh: line 1: kafka-console-producer: command not found  
[2026-01-14 06:34:57] local.ERROR: Kafka publish failed: sh: line 1: kafka-console-producer: command not found  
[2026-01-14 06:35:03] local.INFO: Kafka broker available at: localhost:9092  
[2026-01-14 06:36:43] local.INFO: Kafka broker available at: localhost:9092  
[2026-01-14 06:36:48] local.INFO: Kafka broker available at: localhost:9092  
[2026-01-14 06:36:48] local.ERROR: Kafka publish failed: sh: line 1: kafka-console-producer: command not found  
[2026-01-14 06:36:48] local.ERROR: Kafka publish failed: sh: line 1: kafka-console-producer: command not found  
[2026-01-14 06:36:48] local.ERROR: Kafka publish failed: sh: line 1: kafka-console-producer: command not found  
[2026-01-14 06:36:52] local.INFO: Kafka broker available at: localhost:9092  
[2026-01-14 06:36:52] local.ERROR: Kafka publish failed: sh: line 1: kafka-console-producer: command not found  
[2026-01-14 06:39:50] local.INFO: Kafka broker available at: localhost:9092  
[2026-01-14 06:39:50] local.ERROR: Kafka publish failed: sh: line 1: kafka-console-producer: command not found  
[2026-01-14 06:43:07] local.INFO: Kafka broker available at: localhost:9092  
[2026-01-14 06:43:10] local.INFO: Kafka message published to topic 'test-laravel': {"test":"message","timestamp":"2026-01-14T06:43:07+00:00"}  
[2026-01-14 06:44:09] local.INFO: Kafka broker available at: localhost:9092  
[2026-01-14 06:44:10] local.INFO: Kafka broker available at: localhost:9092  
[2026-01-14 06:44:36] local.INFO: Kafka broker available at: localhost:9092  
[2026-01-14 06:46:02] local.INFO: Kafka broker available at: localhost:9092  
[2026-01-14 06:46:46] local.INFO: Kafka broker available at: localhost:9092  
[2026-01-14 06:46:52] local.INFO: Kafka broker available at: localhost:9092  
[2026-01-14 06:47:01] local.INFO: Kafka broker available at: localhost:9092  
[2026-01-14 06:47:25] local.INFO: Kafka broker available at: localhost:9092  
[2026-01-14 06:47:57] local.INFO: Kafka broker available at: localhost:9092  
[2026-01-14 06:48:12] local.INFO: Kafka broker available at: localhost:9092  
[2026-01-14 06:48:58] local.INFO: Kafka broker available at: localhost:9092  
[2026-01-14 06:49:00] local.INFO: Kafka broker available at: localhost:9092  
[2026-01-14 06:49:03] local.INFO: Kafka message published to topic 'orders': {"product_id":1,"product_name":"Product A","quantity":10,"remaining_stock":490,"timestamp":"2026-01-14T06:49:00+00:00"}  
[2026-01-14 06:49:09] local.INFO: Kafka broker available at: localhost:9092  
[2026-01-14 06:49:11] local.INFO: Kafka message published to topic 'orders': {"product_id":1,"product_name":"Product A","quantity":485,"remaining_stock":5,"timestamp":"2026-01-14T06:49:09+00:00","simulated_low_stock":true}  
[2026-01-14 06:49:14] local.INFO: Kafka message published to topic 'stock-alerts': {"product_id":1,"product_name":"Product A","stock":5,"alert_type":"simulated_low_stock","timestamp":"2026-01-14T06:49:11+00:00"}  
[2026-01-14 06:49:16] local.INFO: Kafka message published to topic 'orders': {"product_id":2,"product_name":"Product B","quantity":491,"remaining_stock":9,"timestamp":"2026-01-14T06:49:14+00:00","simulated_low_stock":true}  
[2026-01-14 06:49:19] local.INFO: Kafka message published to topic 'stock-alerts': {"product_id":2,"product_name":"Product B","stock":9,"alert_type":"simulated_low_stock","timestamp":"2026-01-14T06:49:16+00:00"}  
[2026-01-14 06:49:21] local.INFO: Kafka message published to topic 'orders': {"product_id":3,"product_name":"Product C","quantity":458,"remaining_stock":6,"timestamp":"2026-01-14T06:49:19+00:00","simulated_low_stock":true}  
[2026-01-14 06:49:24] local.INFO: Kafka message published to topic 'stock-alerts': {"product_id":3,"product_name":"Product C","stock":6,"alert_type":"simulated_low_stock","timestamp":"2026-01-14T06:49:21+00:00"}  
[2026-01-14 06:49:24] local.INFO: Kafka broker available at: localhost:9092  
[2026-01-14 06:49:55] local.INFO: Kafka broker available at: localhost:9092  
[2026-01-14 06:49:58] local.INFO: Kafka message published to topic 'restock': {"product_id":1,"product_name":"Product A","new_stock":500,"timestamp":"2026-01-14T06:49:55+00:00"}  
[2026-01-14 06:50:00] local.INFO: Kafka message published to topic 'restock': {"product_id":2,"product_name":"Product B","new_stock":500,"timestamp":"2026-01-14T06:49:58+00:00"}  
[2026-01-14 06:50:02] local.INFO: Kafka message published to topic 'restock': {"product_id":3,"product_name":"Product C","new_stock":500,"timestamp":"2026-01-14T06:50:00+00:00"}  
[2026-01-14 06:58:04] local.INFO: Kafka broker available at: localhost:9092  
[2026-01-14 06:59:39] local.INFO: Kafka broker available at: localhost:9092  
[2026-01-14 06:59:50] local.INFO: Kafka broker available at: localhost:9092  
[2026-01-14 06:59:52] local.INFO: Kafka message published to topic 'orders': {"product_id":3,"product_name":"Product C","quantity":41,"remaining_stock":459,"timestamp":"2026-01-14T06:59:50+00:00"}  
